0 info it worked if it ends with ok
1 verbose cli [ '/usr/bin/node', '/usr/bin/npm', 'publish' ]
2 info using npm@1.4.14
3 info using node@v0.10.29
4 verbose node symlink /usr/bin/node
5 verbose publish [ '.' ]
6 verbose cache add [ '.', null ]
7 verbose cache add name=undefined spec="." args=[".",null]
8 verbose parsed url { protocol: null,
8 verbose parsed url   slashes: null,
8 verbose parsed url   auth: null,
8 verbose parsed url   host: null,
8 verbose parsed url   port: null,
8 verbose parsed url   hostname: null,
8 verbose parsed url   hash: null,
8 verbose parsed url   search: null,
8 verbose parsed url   query: null,
8 verbose parsed url   pathname: '.',
8 verbose parsed url   path: '.',
8 verbose parsed url   href: '.' }
9 silly lockFile 3a52ce78- .
10 verbose lock . /home/ted/.npm/3a52ce78-.lock
11 verbose tar pack [ '/home/ted/.npm/nodebb-plugin-vimeo/0.0.5/package.tgz', '.' ]
12 verbose tarball /home/ted/.npm/nodebb-plugin-vimeo/0.0.5/package.tgz
13 verbose folder .
14 info prepublish nodebb-plugin-vimeo@0.0.5
15 silly lockFile 1f1177db-tar tar://.
16 verbose lock tar://. /home/ted/.npm/1f1177db-tar.lock
17 silly lockFile f896253a-b-plugin-vimeo-0-0-5-package-tgz tar:///home/ted/.npm/nodebb-plugin-vimeo/0.0.5/package.tgz
18 verbose lock tar:///home/ted/.npm/nodebb-plugin-vimeo/0.0.5/package.tgz /home/ted/.npm/f896253a-b-plugin-vimeo-0-0-5-package-tgz.lock
19 silly lockFile 1f1177db-tar tar://.
20 silly lockFile 1f1177db-tar tar://.
21 silly lockFile f896253a-b-plugin-vimeo-0-0-5-package-tgz tar:///home/ted/.npm/nodebb-plugin-vimeo/0.0.5/package.tgz
22 silly lockFile f896253a-b-plugin-vimeo-0-0-5-package-tgz tar:///home/ted/.npm/nodebb-plugin-vimeo/0.0.5/package.tgz
23 silly lockFile 9b4bf613-odebb-plugin-vimeo-0-0-5-package /home/ted/.npm/nodebb-plugin-vimeo/0.0.5/package
24 verbose lock /home/ted/.npm/nodebb-plugin-vimeo/0.0.5/package /home/ted/.npm/9b4bf613-odebb-plugin-vimeo-0-0-5-package.lock
25 silly lockFile 9b4bf613-odebb-plugin-vimeo-0-0-5-package /home/ted/.npm/nodebb-plugin-vimeo/0.0.5/package
26 silly lockFile 9b4bf613-odebb-plugin-vimeo-0-0-5-package /home/ted/.npm/nodebb-plugin-vimeo/0.0.5/package
27 silly lockFile 3a52ce78- .
28 silly lockFile 3a52ce78- .
29 silly publish { name: 'nodebb-plugin-vimeo',
29 silly publish   version: '0.0.5',
29 silly publish   description: 'NodeBB Vimeo Plugin',
29 silly publish   main: 'library.js',
29 silly publish   scripts: { test: 'echo "Error: no test specified" && exit 1' },
29 silly publish   repository:
29 silly publish    { type: 'git',
29 silly publish      url: 'https://github.com/tedr56/nodebb-plugin-vimeo' },
29 silly publish   keywords: [ 'nodebb', 'plugin', 'vimeo', 'video', 'embed' ],
29 silly publish   author: { name: 'psychobunny', email: 'psycho.bunny@hotmail.com' },
29 silly publish   license: 'BSD-2-Clause',
29 silly publish   bugs: { url: 'https://github.com/vimeo/nodebb-plugin-vimeo/issues' },
29 silly publish   readme: '# NodeBB Vimeo Plugin\n\nThis NodeBB plugin allows users to embed Vimeo videos inline in their posts.\n\n## Installation\n\n    npm install nodebb-plugin-vimeo\n',
29 silly publish   readmeFilename: 'README.md',
29 silly publish   _id: 'nodebb-plugin-vimeo@0.0.5',
29 silly publish   _from: '.',
29 silly publish   gitHead: 'c7cf8237d9ab4bc15c8f2fdf94addbbbab3c6cd8',
29 silly publish   homepage: 'https://github.com/tedr56/nodebb-plugin-vimeo',
29 silly publish   _shasum: 'ab415966a42471b4c905025548639cfb9eb2b31b' }
30 verbose url raw nodebb-plugin-vimeo
31 verbose url resolving [ 'https://registry.npmjs.org/', './nodebb-plugin-vimeo' ]
32 verbose url resolved https://registry.npmjs.org/nodebb-plugin-vimeo
33 info trying registry request attempt 1 at 01:45:05
34 http PUT https://registry.npmjs.org/nodebb-plugin-vimeo
35 http 403 https://registry.npmjs.org/nodebb-plugin-vimeo
36 verbose headers { date: 'Mon, 23 Jun 2014 23:45:06 GMT',
36 verbose headers   server: 'CouchDB/1.5.0 (Erlang OTP/R14B04)',
36 verbose headers   'content-type': 'application/json',
36 verbose headers   'cache-control': 'max-age=30',
36 verbose headers   'content-length': '2456',
36 verbose headers   'accept-ranges': 'bytes',
36 verbose headers   via: '1.1 varnish',
36 verbose headers   'x-served-by': 'cache-fra1233-FRA',
36 verbose headers   'x-cache': 'MISS',
36 verbose headers   'x-cache-hits': '0',
36 verbose headers   'x-timer': 'S1403567106.174564,VS0,VE685',
36 verbose headers   'keep-alive': 'timeout=10, max=50',
36 verbose headers   connection: 'Keep-Alive' }
37 error publish Failed PUT 403
38 error Error: forbidden cannot modify pre-existing version: 0.0.5
38 error old={"name":"nodebb-plugin-vimeo","version":"0.0.5","description":"NodeBB Vimeo Plugin","main":"library.js","scripts":{"test":"echo \"Error: no test specified\" && exit 1"},"repository":{"type":"git","url":"https://github.com/tedr56/nodebb-plugin-vimeo"},"keywords":["nodebb","plugin","vimeo","video","embed"],"author":{"name":"psychobunny","email":"psycho.bunny@hotmail.com"},"license":"BSD-2-Clause","bugs":{"url":"https://github.com/vimeo/nodebb-plugin-vimeo/issues"},"_id":"nodebb-plugin-vimeo@0.0.5","_from":".","homepage":"https://github.com/tedr56/nodebb-plugin-vimeo","_shasum":"ab415966a42471b4c905025548639cfb9eb2b31b","_npmVersion":"1.4.9","_npmUser":{"name":"tedr56","email":"ted.r@hotmail.fr"},"maintainers":[{"name":"tedr56","email":"ted.r@hotmail.fr"}],"dist":{"shasum":"ab415966a42471b4c905025548639cfb9eb2b31b","tarball":"http://registry.npmjs.org/nodebb-plugin-vimeo/-/nodebb-plugin-vimeo-0.0.5.tgz"}}
38 error new={"name":"nodebb-plugin-vimeo","version":"0.0.5","description":"NodeBB Vimeo Plugin","main":"library.js","scripts":{"test":"echo \"Error: no test specified\" && exit 1"},"repository":{"type":"git","url":"https://github.com/tedr56/nodebb-plugin-vimeo"},"keywords":["nodebb","plugin","vimeo","video","embed"],"author":{"name":"psychobunny","email":"psycho.bunny@hotmail.com"},"license":"BSD-2-Clause","bugs":{"url":"https://github.com/vimeo/nodebb-plugin-vimeo/issues"},"readme":"# NodeBB Vimeo Plugin\u000a\u000aThis NodeBB plugin allows users to embed Vimeo videos inline in their posts.\u000a\u000a## Installation\u000a\u000a    npm install nodebb-plugin-vimeo\u000a","readmeFilename":"README.md","_id":"nodebb-plugin-vimeo@0.0.5","_from":".","gitHead":"c7cf8237d9ab4bc15c8f2fdf94addbbbab3c6cd8","homepage":"https://github.com/tedr56/nodebb-plugin-vimeo","_shasum":"ab415966a42471b4c905025548639cfb9eb2b31b","_npmVersion":"1.4.14","_npmUser":{"name":"tedr56","email":"ted.r@hotmail.fr"},"maintainers":[{"name":"tedr56","email":"ted.r@hotmail.fr"}],"dist":{"shasum":"ab415966a42471b4c905025548639cfb9eb2b31b","tarball":"http://registry.npmjs.org/nodebb-plugin-vimeo/-/nodebb-plugin-vimeo-0.0.5.tgz"}}: nodebb-plugin-vimeo
38 error     at RegClient.<anonymous> (/usr/lib/node_modules/npm/node_modules/npm-registry-client/lib/request.js:274:14)
38 error     at Request._callback (/usr/lib/node_modules/npm/node_modules/npm-registry-client/lib/request.js:212:65)
38 error     at Request.self.callback (/usr/lib/node_modules/npm/node_modules/request/request.js:123:22)
38 error     at Request.emit (events.js:98:17)
38 error     at Request.<anonymous> (/usr/lib/node_modules/npm/node_modules/request/request.js:893:14)
38 error     at Request.emit (events.js:117:20)
38 error     at IncomingMessage.<anonymous> (/usr/lib/node_modules/npm/node_modules/request/request.js:844:12)
38 error     at IncomingMessage.emit (events.js:117:20)
38 error     at _stream_readable.js:929:16
38 error     at process._tickCallback (node.js:419:13)
39 error If you need help, you may report this *entire* log,
39 error including the npm and node versions, at:
39 error     <http://github.com/npm/npm/issues>
40 error System Linux 3.13.0-24-generic
41 error command "/usr/bin/node" "/usr/bin/npm" "publish"
42 error cwd /home/ted/Sources/git/nodebb-plugin-vimeo
43 error node -v v0.10.29
44 error npm -v 1.4.14
45 verbose exit [ 1, true ]
